Using pre-set license
Built from '2020.3/staging' branch; Version is '2020.3.20f1 (41c4e627c95f) revision 4310246'; Using compiler version '192528614'; Build Type 'Release'
OS: 'Windows 10 Pro; OS build 19042.1466; Version 2009; 64bit' Language: 'en' Physical Memory: 32684 MB
BatchMode: 1, IsHumanControllingUs: 0, StartBugReporterOnCrash: 0, Is64bit: 1, IsPro: 0

COMMAND LINE ARGUMENTS:
C:\Program Files\Unity\Hub\Editor\2020.3.20f1\Editor\Unity.exe
-adb2
-batchMode
-noUpm
-name
AssetImportWorker0
-projectPath
D:/UnityProject/AngryBirbs
-logFile
Logs/AssetImportWorker0.log
-srvPort
54117
Successfully changed project path to: D:/UnityProject/AngryBirbs
D:/UnityProject/AngryBirbs
Using Asset Import Pipeline V2.
Refreshing native plugins compatible for Editor in 33.52 ms, found 3 plugins.
Preloading 0 native plugins for Editor in 0.00 ms.
Initialize engine version: 2020.3.20f1 (41c4e627c95f)
[Subsystems] Discovering subsystems at path C:/Program Files/Unity/Hub/Editor/2020.3.20f1/Editor/Data/Resources/UnitySubsystems
[Subsystems] Discovering subsystems at path D:/UnityProject/AngryBirbs/Assets
GfxDevice: creating device client; threaded=0
Direct3D:
    Version:  Direct3D 11.0 [level 11.1]
    Renderer: NVIDIA GeForce RTX 2070 SUPER (ID=0x1e84)
    Vendor:   
    VRAM:     8011 MB
    Driver:   30.0.14.9709
Initialize mono
Mono path[0] = 'C:/Program Files/Unity/Hub/Editor/2020.3.20f1/Editor/Data/Managed'
Mono path[1] = 'C:/Program Files/Unity/Hub/Editor/2020.3.20f1/Editor/Data/MonoBleedingEdge/lib/mono/unityjit'
Mono config path = 'C:/Program Files/Unity/Hub/Editor/2020.3.20f1/Editor/Data/MonoBleedingEdge/etc'
Using monoOptions --debugger-agent=transport=dt_socket,embedding=1,server=y,suspend=n,address=127.0.0.1:56596
Begin MonoManager ReloadAssembly
Registering precompiled unity dll's ...
Register platform support module: C:/Program Files/Unity/Hub/Editor/2020.3.20f1/Editor/Data/PlaybackEngines/WebGLSupport/UnityEditor.WebGL.Extensions.dll
Register platform support module: C:/Program Files/Unity/Hub/Editor/2020.3.20f1/Editor/Data/PlaybackEngines/WindowsStandaloneSupport/UnityEditor.WindowsStandalone.Extensions.dll
Registered in 0.001897 seconds.
Native extension for WindowsStandalone target not found
Native extension for WebGL target not found
Refreshing native plugins compatible for Editor in 49.51 ms, found 3 plugins.
Preloading 0 native plugins for Editor in 0.00 ms.
Mono: successfully reloaded assembly
- Completed reload, in  0.988 seconds
Domain Reload Profiling:
	ReloadAssembly (988ms)
		BeginReloadAssembly (43ms)
			ExecutionOrderSort (0ms)
			DisableScriptedObjects (0ms)
			BackupInstance (0ms)
			ReleaseScriptingObjects (0ms)
			CreateAndSetChildDomain (1ms)
		EndReloadAssembly (360ms)
			LoadAssemblies (42ms)
			RebuildTransferFunctionScriptingTraits (0ms)
			SetupTypeCache (121ms)
			ReleaseScriptCaches (0ms)
			RebuildScriptCaches (25ms)
			SetupLoadedEditorAssemblies (153ms)
				LogAssemblyErrors (0ms)
				InitializePlatformSupportModulesInManaged (4ms)
				SetLoadedEditorAssemblies (0ms)
				RefreshPlugins (50ms)
				BeforeProcessingInitializeOnLoad (15ms)
				ProcessInitializeOnLoadAttributes (63ms)
				ProcessInitializeOnLoadMethodAttributes (22ms)
				AfterProcessingInitializeOnLoad (0ms)
				EditorAssembliesLoaded (0ms)
			ExecutionOrderSort2 (0ms)
			AwakeInstancesAfterBackupRestoration (0ms)
Platform modules already initialized, skipping
Registering precompiled user dll's ...
Registered in 0.002099 seconds.
Begin MonoManager ReloadAssembly
Native extension for WindowsStandalone target not found
Native extension for WebGL target not found
Refreshing native plugins compatible for Editor in 35.24 ms, found 3 plugins.
Preloading 0 native plugins for Editor in 0.00 ms.
Mono: successfully reloaded assembly
- Completed reload, in  1.158 seconds
Domain Reload Profiling:
	ReloadAssembly (1159ms)
		BeginReloadAssembly (174ms)
			ExecutionOrderSort (0ms)
			DisableScriptedObjects (4ms)
			BackupInstance (0ms)
			ReleaseScriptingObjects (0ms)
			CreateAndSetChildDomain (22ms)
		EndReloadAssembly (887ms)
			LoadAssemblies (122ms)
			RebuildTransferFunctionScriptingTraits (0ms)
			SetupTypeCache (287ms)
			ReleaseScriptCaches (0ms)
			RebuildScriptCaches (44ms)
			SetupLoadedEditorAssemblies (306ms)
				LogAssemblyErrors (0ms)
				InitializePlatformSupportModulesInManaged (3ms)
				SetLoadedEditorAssemblies (0ms)
				RefreshPlugins (35ms)
				BeforeProcessingInitializeOnLoad (61ms)
				ProcessInitializeOnLoadAttributes (189ms)
				ProcessInitializeOnLoadMethodAttributes (11ms)
				AfterProcessingInitializeOnLoad (5ms)
				EditorAssembliesLoaded (0ms)
			ExecutionOrderSort2 (0ms)
			AwakeInstancesAfterBackupRestoration (5ms)
Platform modules already initialized, skipping
========================================================================
Worker process is ready to serve import requests
Launched and connected shader compiler UnityShaderCompiler.exe after 0.05 seconds
Refreshing native plugins compatible for Editor in 0.40 ms, found 3 plugins.
Preloading 0 native plugins for Editor in 0.00 ms.
Unloading 2093 Unused Serialized files (Serialized files now loaded: 0)
System memory in use before: 93.1 MB.
System memory in use after: 93.2 MB.

Unloading 26 unused Assets to reduce memory usage. Loaded Objects now: 2532.
Total: 2.770000 ms (FindLiveObjects: 0.179900 ms CreateObjectMapping: 0.078700 ms MarkObjects: 2.449300 ms  DeleteObjects: 0.060900 ms)

AssetImportParameters requested are different than current active one (requested -> active):
  custom:framework-win-MediaFoundation: 216162199b28c13a410421893ffa2e32 -> 
  custom:video-decoder-ogg-theora: a1e56fd34408186e4bbccfd4996cb3dc -> 
  custom:container-muxer-webm: aa71ff27fc2769a1b78a27578f13a17b -> 
  custom:container-demuxer-webm: 4f35f7cbe854078d1ac9338744f61a02 -> 
  custom:container-demuxer-ogg: 62fdf1f143b41e24485cea50d1cbac27 -> 
  custom:video-encoder-webm-vp8: eb34c28f22e8b96e1ab97ce403110664 -> 
  custom:video-decoder-webm-vp8: 9c59270c3fd7afecdb556c50c9e8de78 -> 
  custom:audio-decoder-ogg-vorbis: bf7c407c2cedff20999df2af8eb42d56 -> 
  custom:audio-encoder-webm-vorbis: bf7c407c2cedff20999df2af8eb42d56 -> 
========================================================================
Received Import Request.
  path: Assets
  artifactKey: Guid(00000000000000001000000000000000) Importer(815301076,1909f56bfc062723c751e8b465ee728b)
Start importing Assets using Guid(00000000000000001000000000000000) Importer(815301076,1909f56bfc062723c751e8b465ee728b)  -> (artifact id: '42d402b061de3733987d63b9cc3b64de') in 0.007832 seconds 
  Import took 0.010261 seconds .

========================================================================
Received Import Request.
  Time since last request: 8.556593 seconds.
  path: Assets/Objects
  artifactKey: Guid(cb0a852447252b646bf07d93974ee5ac) Importer(815301076,1909f56bfc062723c751e8b465ee728b)
Start importing Assets/Objects using Guid(cb0a852447252b646bf07d93974ee5ac) Importer(815301076,1909f56bfc062723c751e8b465ee728b)  -> (artifact id: 'f1fc596a1308e81942e67bcfe24ac18b') in 0.006471 seconds 
  Import took 0.009138 seconds .

========================================================================
Received Import Request.
  Time since last request: 14.807936 seconds.
  path: Assets/Objects/Square.png
  artifactKey: Guid(ae2da5847c9cbfa44a67c14f183879d7) Importer(815301076,1909f56bfc062723c751e8b465ee728b)
Start importing Assets/Objects/Square.png using Guid(ae2da5847c9cbfa44a67c14f183879d7) Importer(815301076,1909f56bfc062723c751e8b465ee728b)  -> (artifact id: '460955fcc1555bfaf43c2b88256fd591') in 0.095219 seconds 
  Import took 0.097938 seconds .

========================================================================
Received Import Request.
  Time since last request: 154.358592 seconds.
  path: Assets/Objects/Square.prefab
  artifactKey: Guid(9e70072b6166d8f4fbe9a997104f7175) Importer(815301076,1909f56bfc062723c751e8b465ee728b)
Start importing Assets/Objects/Square.prefab using Guid(9e70072b6166d8f4fbe9a997104f7175) Importer(815301076,1909f56bfc062723c751e8b465ee728b)  -> (artifact id: '898a822d67344d8c7ae312b835176e54') in 0.027176 seconds 
  Import took 0.030380 seconds .

========================================================================
Received Import Request.
  Time since last request: 18.680333 seconds.
  path: Assets/Objects/Square.png
  artifactKey: Guid(ff0fe1e2ddade24428334d597443862a) Importer(815301076,1909f56bfc062723c751e8b465ee728b)
Start importing Assets/Objects/Square.png using Guid(ff0fe1e2ddade24428334d597443862a) Importer(815301076,1909f56bfc062723c751e8b465ee728b)  -> (artifact id: '1c1ca31aaabfafea8342802ab6222b49') in 0.007681 seconds 
  Import took 0.010350 seconds .

========================================================================
Received Import Request.
  Time since last request: 5.022386 seconds.
  path: Assets/Objects/ground.png
  artifactKey: Guid(ff0fe1e2ddade24428334d597443862a) Importer(815301076,1909f56bfc062723c751e8b465ee728b)
Start importing Assets/Objects/ground.png using Guid(ff0fe1e2ddade24428334d597443862a) Importer(815301076,1909f56bfc062723c751e8b465ee728b)  -> (artifact id: '25b3a91b7a20d97f2d9fe45880e6798b') in 0.011222 seconds 
  Import took 0.013950 seconds .

========================================================================
Received Import Request.
  Time since last request: 6.326165 seconds.
  path: Assets/Objects/ground prefab.prefab
  artifactKey: Guid(9e70072b6166d8f4fbe9a997104f7175) Importer(815301076,1909f56bfc062723c751e8b465ee728b)
Start importing Assets/Objects/ground prefab.prefab using Guid(9e70072b6166d8f4fbe9a997104f7175) Importer(815301076,1909f56bfc062723c751e8b465ee728b)  -> (artifact id: '794795c94775640a05504259d5f0a470') in 0.006416 seconds 
  Import took 0.009441 seconds .

========================================================================
Received Import Request.
  Time since last request: 5.184988 seconds.
  path: Assets/Objects/ground prefab.prefab
  artifactKey: Guid(9e70072b6166d8f4fbe9a997104f7175) Importer(815301076,1909f56bfc062723c751e8b465ee728b)
Start importing Assets/Objects/ground prefab.prefab using Guid(9e70072b6166d8f4fbe9a997104f7175) Importer(815301076,1909f56bfc062723c751e8b465ee728b)  -> (artifact id: '32f9bde8bb7de4ac39f9387148ce2a07') in 0.009426 seconds 
  Import took 0.012279 seconds .

========================================================================
Received Import Request.
  Time since last request: 23.607361 seconds.
  path: Assets/Objects/ground prefab.prefab
  artifactKey: Guid(9e70072b6166d8f4fbe9a997104f7175) Importer(815301076,1909f56bfc062723c751e8b465ee728b)
Start importing Assets/Objects/ground prefab.prefab using Guid(9e70072b6166d8f4fbe9a997104f7175) Importer(815301076,1909f56bfc062723c751e8b465ee728b)  -> (artifact id: 'd561b3648be895b7d1eb63dede050978') in 0.010128 seconds 
  Import took 0.013066 seconds .

========================================================================
Received Import Request.
  Time since last request: 2.025145 seconds.
  path: Assets/Objects/ground prefab.prefab
  artifactKey: Guid(9e70072b6166d8f4fbe9a997104f7175) Importer(815301076,1909f56bfc062723c751e8b465ee728b)
Start importing Assets/Objects/ground prefab.prefab using Guid(9e70072b6166d8f4fbe9a997104f7175) Importer(815301076,1909f56bfc062723c751e8b465ee728b)  -> (artifact id: '2f10628fa9ddc2cf88ad7ea547f90462') in 0.010417 seconds 
  Import took 0.014795 seconds .

========================================================================
Received Import Request.
  Time since last request: 1.979636 seconds.
  path: Assets/Objects/ground prefab.prefab
  artifactKey: Guid(9e70072b6166d8f4fbe9a997104f7175) Importer(815301076,1909f56bfc062723c751e8b465ee728b)
Start importing Assets/Objects/ground prefab.prefab using Guid(9e70072b6166d8f4fbe9a997104f7175) Importer(815301076,1909f56bfc062723c751e8b465ee728b)  -> (artifact id: '93c6ecc840cf1467656cb77ac5c09819') in 0.010578 seconds 
  Import took 0.014257 seconds .

========================================================================
Received Import Request.
  Time since last request: 5.616800 seconds.
  path: Assets/Objects/ground prefab.prefab
  artifactKey: Guid(9e70072b6166d8f4fbe9a997104f7175) Importer(815301076,1909f56bfc062723c751e8b465ee728b)
Start importing Assets/Objects/ground prefab.prefab using Guid(9e70072b6166d8f4fbe9a997104f7175) Importer(815301076,1909f56bfc062723c751e8b465ee728b)  -> (artifact id: 'aaacc26c017acdc16756b595413d3c81') in 0.010302 seconds 
  Import took 0.013646 seconds .

========================================================================
Received Import Request.
  Time since last request: 3.006767 seconds.
  path: Assets/Objects/ground prefab.prefab
  artifactKey: Guid(9e70072b6166d8f4fbe9a997104f7175) Importer(815301076,1909f56bfc062723c751e8b465ee728b)
Start importing Assets/Objects/ground prefab.prefab using Guid(9e70072b6166d8f4fbe9a997104f7175) Importer(815301076,1909f56bfc062723c751e8b465ee728b)  -> (artifact id: 'd48fdb153f27a46f54d863241a9e8de5') in 0.009134 seconds 
  Import took 0.012027 seconds .

========================================================================
Received Import Request.
  Time since last request: 17.062132 seconds.
  path: Assets/Objects/Circle.png
  artifactKey: Guid(5db75c3a1bb7bc046b80d90fdb358144) Importer(815301076,1909f56bfc062723c751e8b465ee728b)
Start importing Assets/Objects/Circle.png using Guid(5db75c3a1bb7bc046b80d90fdb358144) Importer(815301076,1909f56bfc062723c751e8b465ee728b)  -> (artifact id: '33d52f80f802cca7200c219daf0d8405') in 0.009821 seconds 
  Import took 0.012854 seconds .

========================================================================
Received Import Request.
  Time since last request: 19.247109 seconds.
  path: Assets/Objects/Square.prefab
  artifactKey: Guid(1c28ccf664e80b14cbac035a919200f8) Importer(815301076,1909f56bfc062723c751e8b465ee728b)
Start importing Assets/Objects/Square.prefab using Guid(1c28ccf664e80b14cbac035a919200f8) Importer(815301076,1909f56bfc062723c751e8b465ee728b)  -> (artifact id: 'd80e6a10aac5b36d94041239ac5fee34') in 0.009082 seconds 
  Import took 0.011973 seconds .

========================================================================
Received Import Request.
  Time since last request: 75.201298 seconds.
  path: Assets/Objects/Rectangle.prefab
  artifactKey: Guid(be3c0ac2e3ab374419668008593df55d) Importer(815301076,1909f56bfc062723c751e8b465ee728b)
Start importing Assets/Objects/Rectangle.prefab using Guid(be3c0ac2e3ab374419668008593df55d) Importer(815301076,1909f56bfc062723c751e8b465ee728b)  -> (artifact id: 'd23d9e32f0b9b0308c58e83f32774bfa') in 0.009328 seconds 
  Import took 0.012251 seconds .

========================================================================
Received Import Request.
  Time since last request: 28.361240 seconds.
  path: Assets/Objects/ground prefab.prefab
  artifactKey: Guid(9e70072b6166d8f4fbe9a997104f7175) Importer(815301076,1909f56bfc062723c751e8b465ee728b)
Start importing Assets/Objects/ground prefab.prefab using Guid(9e70072b6166d8f4fbe9a997104f7175) Importer(815301076,1909f56bfc062723c751e8b465ee728b)  -> (artifact id: '141ffa027d4be70361734451dbaeefe7') in 0.006257 seconds 
  Import took 0.009041 seconds .

========================================================================
Received Import Request.
  Time since last request: 6.322477 seconds.
  path: Assets/Objects/Rectangle.prefab
  artifactKey: Guid(be3c0ac2e3ab374419668008593df55d) Importer(815301076,1909f56bfc062723c751e8b465ee728b)
Start importing Assets/Objects/Rectangle.prefab using Guid(be3c0ac2e3ab374419668008593df55d) Importer(815301076,1909f56bfc062723c751e8b465ee728b)  -> (artifact id: '2a9e21228fe9e8f15f3d3f7563577081') in 0.005769 seconds 
  Import took 0.008586 seconds .

========================================================================
Received Import Request.
  Time since last request: 3.895207 seconds.
  path: Assets/Objects/Square.prefab
  artifactKey: Guid(1c28ccf664e80b14cbac035a919200f8) Importer(815301076,1909f56bfc062723c751e8b465ee728b)
Start importing Assets/Objects/Square.prefab using Guid(1c28ccf664e80b14cbac035a919200f8) Importer(815301076,1909f56bfc062723c751e8b465ee728b)  -> (artifact id: '6c9e1ee619c0b443b035c538e64074a7') in 0.006514 seconds 
  Import took 0.009347 seconds .

========================================================================
Received Import Request.
  Time since last request: 51.938787 seconds.
  path: Assets/Objects/PlayerBall.prefab
  artifactKey: Guid(daab172a83c29b2449acb23af281d3b3) Importer(815301076,1909f56bfc062723c751e8b465ee728b)
Start importing Assets/Objects/PlayerBall.prefab using Guid(daab172a83c29b2449acb23af281d3b3) Importer(815301076,1909f56bfc062723c751e8b465ee728b)  -> (artifact id: 'ed70b5ac6a3f89d84c1f7f3f1c96775c') in 0.010178 seconds 
  Import took 0.013780 seconds .

========================================================================
Received Import Request.
  Time since last request: 28.591808 seconds.
  path: Assets/Objects/EnemyBall.prefab
  artifactKey: Guid(ef31f870a2e7fb547a143c49db29ae2b) Importer(815301076,1909f56bfc062723c751e8b465ee728b)
Start importing Assets/Objects/EnemyBall.prefab using Guid(ef31f870a2e7fb547a143c49db29ae2b) Importer(815301076,1909f56bfc062723c751e8b465ee728b)  -> (artifact id: '76855415e356df47d2625389a021c0f4') in 0.009278 seconds 
  Import took 0.012177 seconds .

========================================================================
Received Import Request.
  Time since last request: 12.422650 seconds.
  path: Assets/Objects/HexagonFlat-Top.png
  artifactKey: Guid(3ed11da16de3883488806985879b3058) Importer(815301076,1909f56bfc062723c751e8b465ee728b)
Start importing Assets/Objects/HexagonFlat-Top.png using Guid(3ed11da16de3883488806985879b3058) Importer(815301076,1909f56bfc062723c751e8b465ee728b)  -> (artifact id: '30702bc417c52817cbf5f1de1eba493f') in 0.011966 seconds 
  Import took 0.015131 seconds .

========================================================================
Received Import Request.
  Time since last request: 12.171370 seconds.
  path: Assets/Objects/HexagonPointed-Top.png
  artifactKey: Guid(9999387094b3b604fa81a5c808a8d4a7) Importer(815301076,1909f56bfc062723c751e8b465ee728b)
Start importing Assets/Objects/HexagonPointed-Top.png using Guid(9999387094b3b604fa81a5c808a8d4a7) Importer(815301076,1909f56bfc062723c751e8b465ee728b)  -> (artifact id: '462232a8c7816dafb71fc3dd05290741') in 0.014027 seconds 
  Import took 0.016913 seconds .

========================================================================
Received Import Request.
  Time since last request: 9.844064 seconds.
  path: Assets/Objects/IsometricDiamond.png
  artifactKey: Guid(d7ebc76385e08ad408035e09a4508508) Importer(815301076,1909f56bfc062723c751e8b465ee728b)
Start importing Assets/Objects/IsometricDiamond.png using Guid(d7ebc76385e08ad408035e09a4508508) Importer(815301076,1909f56bfc062723c751e8b465ee728b)  -> (artifact id: '1c26894917304302118bad8b8bc1dd9d') in 0.011372 seconds 
  Import took 0.014450 seconds .

========================================================================
Received Import Request.
  Time since last request: 10.115925 seconds.
  path: Assets/Objects/9-Sliced.png
  artifactKey: Guid(ed17d5b958df98b42965ee11b28d19b5) Importer(815301076,1909f56bfc062723c751e8b465ee728b)
Start importing Assets/Objects/9-Sliced.png using Guid(ed17d5b958df98b42965ee11b28d19b5) Importer(815301076,1909f56bfc062723c751e8b465ee728b)  -> (artifact id: '95bcf082bb8dcf2046f39e1c54a97e5e') in 0.012337 seconds 
  Import took 0.015706 seconds .

========================================================================
Received Import Request.
  Time since last request: 113.757331 seconds.
  path: Assets/Objects/Hexagon.prefab
  artifactKey: Guid(5251b71978cf87b4298c4d50c6d1ccef) Importer(815301076,1909f56bfc062723c751e8b465ee728b)
Start importing Assets/Objects/Hexagon.prefab using Guid(5251b71978cf87b4298c4d50c6d1ccef) Importer(815301076,1909f56bfc062723c751e8b465ee728b)  -> (artifact id: '039ebf936f6d2a9f829a3ffd04011d0d') in 0.009616 seconds 
  Import took 0.012534 seconds .

========================================================================
Received Import Request.
  Time since last request: 41.464098 seconds.
  path: Assets/Objects/PlayerBall.prefab
  artifactKey: Guid(daab172a83c29b2449acb23af281d3b3) Importer(815301076,1909f56bfc062723c751e8b465ee728b)
Start importing Assets/Objects/PlayerBall.prefab using Guid(daab172a83c29b2449acb23af281d3b3) Importer(815301076,1909f56bfc062723c751e8b465ee728b)  -> (artifact id: 'f0182da6ecbc55d6075470d3beb98c16') in 0.006019 seconds 
  Import took 0.008894 seconds .

========================================================================
Received Import Request.
  Time since last request: 15.828377 seconds.
  path: Assets/Objects/PlayerBall.prefab
  artifactKey: Guid(daab172a83c29b2449acb23af281d3b3) Importer(815301076,1909f56bfc062723c751e8b465ee728b)
Start importing Assets/Objects/PlayerBall.prefab using Guid(daab172a83c29b2449acb23af281d3b3) Importer(815301076,1909f56bfc062723c751e8b465ee728b)  -> (artifact id: '1738fab83759ec6121c20f522549b85d') in 0.006286 seconds 
  Import took 0.009453 seconds .

========================================================================
Received Prepare
Registering precompiled user dll's ...
Registered in 0.002309 seconds.
Begin MonoManager ReloadAssembly
Native extension for WindowsStandalone target not found
Native extension for WebGL target not found
Refreshing native plugins compatible for Editor in 0.38 ms, found 3 plugins.
Preloading 0 native plugins for Editor in 0.00 ms.
Mono: successfully reloaded assembly
- Completed reload, in  0.816 seconds
Domain Reload Profiling:
	ReloadAssembly (816ms)
		BeginReloadAssembly (99ms)
			ExecutionOrderSort (0ms)
			DisableScriptedObjects (5ms)
			BackupInstance (0ms)
			ReleaseScriptingObjects (0ms)
			CreateAndSetChildDomain (33ms)
		EndReloadAssembly (666ms)
			LoadAssemblies (74ms)
			RebuildTransferFunctionScriptingTraits (0ms)
			SetupTypeCache (232ms)
			ReleaseScriptCaches (1ms)
			RebuildScriptCaches (36ms)
			SetupLoadedEditorAssemblies (241ms)
				LogAssemblyErrors (0ms)
				InitializePlatformSupportModulesInManaged (5ms)
				SetLoadedEditorAssemblies (0ms)
				RefreshPlugins (0ms)
				BeforeProcessingInitializeOnLoad (62ms)
				ProcessInitializeOnLoadAttributes (163ms)
				ProcessInitializeOnLoadMethodAttributes (5ms)
				AfterProcessingInitializeOnLoad (5ms)
				EditorAssembliesLoaded (0ms)
			ExecutionOrderSort2 (0ms)
			AwakeInstancesAfterBackupRestoration (9ms)
Platform modules already initialized, skipping
Refreshing native plugins compatible for Editor in 0.47 ms, found 3 plugins.
Preloading 0 native plugins for Editor in 0.00 ms.
Unloading 2083 Unused Serialized files (Serialized files now loaded: 0)
System memory in use before: 95.5 MB.
System memory in use after: 95.7 MB.

Unloading 14 unused Assets to reduce memory usage. Loaded Objects now: 2550.
Total: 2.664800 ms (FindLiveObjects: 0.147900 ms CreateObjectMapping: 0.057100 ms MarkObjects: 2.446000 ms  DeleteObjects: 0.013000 ms)

AssetImportParameters requested are different than current active one (requested -> active):
  custom:framework-win-MediaFoundation: 216162199b28c13a410421893ffa2e32 -> 
  custom:video-decoder-ogg-theora: a1e56fd34408186e4bbccfd4996cb3dc -> 
  custom:container-muxer-webm: aa71ff27fc2769a1b78a27578f13a17b -> 
  custom:container-demuxer-webm: 4f35f7cbe854078d1ac9338744f61a02 -> 
  custom:container-demuxer-ogg: 62fdf1f143b41e24485cea50d1cbac27 -> 
  custom:video-encoder-webm-vp8: eb34c28f22e8b96e1ab97ce403110664 -> 
  custom:video-decoder-webm-vp8: 9c59270c3fd7afecdb556c50c9e8de78 -> 
  custom:audio-decoder-ogg-vorbis: bf7c407c2cedff20999df2af8eb42d56 -> 
  custom:audio-encoder-webm-vorbis: bf7c407c2cedff20999df2af8eb42d56 -> 
========================================================================
Received Import Request.
  Time since last request: 61.832802 seconds.
  path: Assets/New Physic Material.physicMaterial
  artifactKey: Guid(7b067326ccca6f1418cf53cd5b4709fd) Importer(815301076,1909f56bfc062723c751e8b465ee728b)
Start importing Assets/New Physic Material.physicMaterial using Guid(7b067326ccca6f1418cf53cd5b4709fd) Importer(815301076,1909f56bfc062723c751e8b465ee728b)  -> (artifact id: '2d4b2d2cd7e99c64cdef91a602fb20e4') in 0.014583 seconds 
  Import took 0.017467 seconds .

========================================================================
Received Import Request.
  Time since last request: 41.047508 seconds.
  path: Assets/Objects/ground.png
  artifactKey: Guid(ff0fe1e2ddade24428334d597443862a) Importer(815301076,1909f56bfc062723c751e8b465ee728b)
Start importing Assets/Objects/ground.png using Guid(ff0fe1e2ddade24428334d597443862a) Importer(815301076,1909f56bfc062723c751e8b465ee728b)  -> (artifact id: 'd20af0ed2d09b8618d3bd8520374953d') in 0.071832 seconds 
  Import took 0.076806 seconds .

========================================================================
Received Import Request.
  Time since last request: 9.849310 seconds.
  path: Assets/Objects/New Physics Material 2D.physicsMaterial2D
  artifactKey: Guid(387d527201a825644a49e5052c554c2e) Importer(815301076,1909f56bfc062723c751e8b465ee728b)
Start importing Assets/Objects/New Physics Material 2D.physicsMaterial2D using Guid(387d527201a825644a49e5052c554c2e) Importer(815301076,1909f56bfc062723c751e8b465ee728b)  -> (artifact id: 'd52f7ca4deb77bd990cdfe3c5fdd00db') in 0.006882 seconds 
  Import took 0.009634 seconds .

========================================================================
Received Import Request.
  Time since last request: 6.022873 seconds.
  path: Assets/Objects/playball.physicsMaterial2D
  artifactKey: Guid(387d527201a825644a49e5052c554c2e) Importer(815301076,1909f56bfc062723c751e8b465ee728b)
Start importing Assets/Objects/playball.physicsMaterial2D using Guid(387d527201a825644a49e5052c554c2e) Importer(815301076,1909f56bfc062723c751e8b465ee728b)  -> (artifact id: '880b7826d87e15ff0ad742b2d5ed254a') in 0.005073 seconds 
  Import took 0.007950 seconds .

========================================================================
Received Import Request.
  Time since last request: 4.227821 seconds.
  path: Assets/Objects/PlayerBall.prefab
  artifactKey: Guid(daab172a83c29b2449acb23af281d3b3) Importer(815301076,1909f56bfc062723c751e8b465ee728b)
Start importing Assets/Objects/PlayerBall.prefab using Guid(daab172a83c29b2449acb23af281d3b3) Importer(815301076,1909f56bfc062723c751e8b465ee728b)  -> (artifact id: 'e693c0335aa4fa48e0f1db1da8b58f6e') in 0.022483 seconds 
  Import took 0.025509 seconds .

========================================================================
Received Import Request.
  Time since last request: 454.037874 seconds.
  path: Packages/com.unity.2d.sprite/Editor/ObjectMenuCreation/DefaultAssets/Textures/Circle.png
  artifactKey: Guid(ebe73ca9363db456bacf42c025bb4847) Importer(815301076,1909f56bfc062723c751e8b465ee728b)
Start importing Packages/com.unity.2d.sprite/Editor/ObjectMenuCreation/DefaultAssets/Textures/Circle.png using Guid(ebe73ca9363db456bacf42c025bb4847) Importer(815301076,1909f56bfc062723c751e8b465ee728b)  -> (artifact id: '7d8c39de7271b5a455345680f1bcb82c') in 0.011723 seconds 
  Import took 0.015109 seconds .

========================================================================
Received Import Request.
  Time since last request: 35.054515 seconds.
  path: Packages/com.unity.2d.sprite/Editor/ObjectMenuCreation/DefaultAssets/Textures/Square.png
  artifactKey: Guid(48e93eef0688c4a259cb0eddcd8661f7) Importer(815301076,1909f56bfc062723c751e8b465ee728b)
Start importing Packages/com.unity.2d.sprite/Editor/ObjectMenuCreation/DefaultAssets/Textures/Square.png using Guid(48e93eef0688c4a259cb0eddcd8661f7) Importer(815301076,1909f56bfc062723c751e8b465ee728b)  -> (artifact id: '67f9d2c87602c9de665cd5edc8b46197') in 0.013732 seconds 
  Import took 0.017000 seconds .

========================================================================
Received Import Request.
  Time since last request: 43.825038 seconds.
  path: Assets/Objects/background.prefab
  artifactKey: Guid(62b1bcf017a3432459c9fb0811beba51) Importer(815301076,1909f56bfc062723c751e8b465ee728b)
Start importing Assets/Objects/background.prefab using Guid(62b1bcf017a3432459c9fb0811beba51) Importer(815301076,1909f56bfc062723c751e8b465ee728b)  -> (artifact id: '887e019004b032eb257afaf478b45eb4') in 0.009133 seconds 
  Import took 0.012355 seconds .

========================================================================
Received Import Request.
  Time since last request: 478.966176 seconds.
  path: Assets/Objects/PlayerBall.prefab
  artifactKey: Guid(daab172a83c29b2449acb23af281d3b3) Importer(815301076,1909f56bfc062723c751e8b465ee728b)
Start importing Assets/Objects/PlayerBall.prefab using Guid(daab172a83c29b2449acb23af281d3b3) Importer(815301076,1909f56bfc062723c751e8b465ee728b)  -> (artifact id: '83df5059018460edcc9019c5c4d86ce9') in 0.010490 seconds 
  Import took 0.013846 seconds .

========================================================================
Received Import Request.
  Time since last request: 9.330138 seconds.
  path: Assets/Objects/PlayerBall.prefab
  artifactKey: Guid(daab172a83c29b2449acb23af281d3b3) Importer(815301076,1909f56bfc062723c751e8b465ee728b)
Start importing Assets/Objects/PlayerBall.prefab using Guid(daab172a83c29b2449acb23af281d3b3) Importer(815301076,1909f56bfc062723c751e8b465ee728b)  -> (artifact id: '8ca8a293c0dd58e1d6c955cd2552960e') in 0.006162 seconds 
  Import took 0.009064 seconds .

========================================================================
Received Prepare
Registering precompiled user dll's ...
Registered in 0.002056 seconds.
Begin MonoManager ReloadAssembly
Native extension for WindowsStandalone target not found
Native extension for WebGL target not found
Refreshing native plugins compatible for Editor in 0.38 ms, found 3 plugins.
Preloading 0 native plugins for Editor in 0.00 ms.
Mono: successfully reloaded assembly
- Completed reload, in  0.829 seconds
Domain Reload Profiling:
	ReloadAssembly (829ms)
		BeginReloadAssembly (103ms)
			ExecutionOrderSort (0ms)
			DisableScriptedObjects (5ms)
			BackupInstance (0ms)
			ReleaseScriptingObjects (0ms)
			CreateAndSetChildDomain (30ms)
		EndReloadAssembly (676ms)
			LoadAssemblies (75ms)
			RebuildTransferFunctionScriptingTraits (0ms)
			SetupTypeCache (236ms)
			ReleaseScriptCaches (1ms)
			RebuildScriptCaches (35ms)
			SetupLoadedEditorAssemblies (244ms)
				LogAssemblyErrors (0ms)
				InitializePlatformSupportModulesInManaged (5ms)
				SetLoadedEditorAssemblies (0ms)
				RefreshPlugins (0ms)
				BeforeProcessingInitializeOnLoad (65ms)
				ProcessInitializeOnLoadAttributes (163ms)
				ProcessInitializeOnLoadMethodAttributes (5ms)
				AfterProcessingInitializeOnLoad (5ms)
				EditorAssembliesLoaded (0ms)
			ExecutionOrderSort2 (0ms)
			AwakeInstancesAfterBackupRestoration (9ms)
Platform modules already initialized, skipping
Refreshing native plugins compatible for Editor in 0.42 ms, found 3 plugins.
Preloading 0 native plugins for Editor in 0.00 ms.
Unloading 2084 Unused Serialized files (Serialized files now loaded: 0)
System memory in use before: 95.6 MB.
System memory in use after: 95.7 MB.

Unloading 14 unused Assets to reduce memory usage. Loaded Objects now: 2555.
Total: 2.684000 ms (FindLiveObjects: 0.165700 ms CreateObjectMapping: 0.066600 ms MarkObjects: 2.436100 ms  DeleteObjects: 0.014600 ms)

AssetImportParameters requested are different than current active one (requested -> active):
  custom:framework-win-MediaFoundation: 216162199b28c13a410421893ffa2e32 -> 
  custom:video-decoder-ogg-theora: a1e56fd34408186e4bbccfd4996cb3dc -> 
  custom:container-muxer-webm: aa71ff27fc2769a1b78a27578f13a17b -> 
  custom:container-demuxer-webm: 4f35f7cbe854078d1ac9338744f61a02 -> 
  custom:container-demuxer-ogg: 62fdf1f143b41e24485cea50d1cbac27 -> 
  custom:video-encoder-webm-vp8: eb34c28f22e8b96e1ab97ce403110664 -> 
  custom:video-decoder-webm-vp8: 9c59270c3fd7afecdb556c50c9e8de78 -> 
  custom:audio-decoder-ogg-vorbis: bf7c407c2cedff20999df2af8eb42d56 -> 
  custom:audio-encoder-webm-vorbis: bf7c407c2cedff20999df2af8eb42d56 -> 
========================================================================
Received Prepare
Registering precompiled user dll's ...
Registered in 0.002237 seconds.
Begin MonoManager ReloadAssembly
Native extension for WindowsStandalone target not found
Native extension for WebGL target not found
Refreshing native plugins compatible for Editor in 0.48 ms, found 3 plugins.
Preloading 0 native plugins for Editor in 0.00 ms.
Mono: successfully reloaded assembly
- Completed reload, in  0.830 seconds
Domain Reload Profiling:
	ReloadAssembly (830ms)
		BeginReloadAssembly (86ms)
			ExecutionOrderSort (0ms)
			DisableScriptedObjects (5ms)
			BackupInstance (0ms)
			ReleaseScriptingObjects (0ms)
			CreateAndSetChildDomain (29ms)
		EndReloadAssembly (695ms)
			LoadAssemblies (73ms)
			RebuildTransferFunctionScriptingTraits (0ms)
			SetupTypeCache (245ms)
			ReleaseScriptCaches (1ms)
			RebuildScriptCaches (38ms)
			SetupLoadedEditorAssemblies (250ms)
				LogAssemblyErrors (0ms)
				InitializePlatformSupportModulesInManaged (7ms)
				SetLoadedEditorAssemblies (1ms)
				RefreshPlugins (1ms)
				BeforeProcessingInitializeOnLoad (66ms)
				ProcessInitializeOnLoadAttributes (166ms)
				ProcessInitializeOnLoadMethodAttributes (4ms)
				AfterProcessingInitializeOnLoad (5ms)
				EditorAssembliesLoaded (0ms)
			ExecutionOrderSort2 (0ms)
			AwakeInstancesAfterBackupRestoration (10ms)
Platform modules already initialized, skipping
Refreshing native plugins compatible for Editor in 0.55 ms, found 3 plugins.
Preloading 0 native plugins for Editor in 0.00 ms.
Unloading 2084 Unused Serialized files (Serialized files now loaded: 0)
System memory in use before: 95.6 MB.
System memory in use after: 95.8 MB.

Unloading 14 unused Assets to reduce memory usage. Loaded Objects now: 2558.
Total: 2.510800 ms (FindLiveObjects: 0.168400 ms CreateObjectMapping: 0.066900 ms MarkObjects: 2.261400 ms  DeleteObjects: 0.013200 ms)

AssetImportParameters requested are different than current active one (requested -> active):
  custom:framework-win-MediaFoundation: 216162199b28c13a410421893ffa2e32 -> 
  custom:video-decoder-ogg-theora: a1e56fd34408186e4bbccfd4996cb3dc -> 
  custom:container-muxer-webm: aa71ff27fc2769a1b78a27578f13a17b -> 
  custom:container-demuxer-webm: 4f35f7cbe854078d1ac9338744f61a02 -> 
  custom:container-demuxer-ogg: 62fdf1f143b41e24485cea50d1cbac27 -> 
  custom:video-encoder-webm-vp8: eb34c28f22e8b96e1ab97ce403110664 -> 
  custom:video-decoder-webm-vp8: 9c59270c3fd7afecdb556c50c9e8de78 -> 
  custom:audio-decoder-ogg-vorbis: bf7c407c2cedff20999df2af8eb42d56 -> 
  custom:audio-encoder-webm-vorbis: bf7c407c2cedff20999df2af8eb42d56 -> 
========================================================================
Received Import Request.
  Time since last request: 73.257895 seconds.
  path: Assets/Objects/playerball.cs
  artifactKey: Guid(5dde7d426c88d2c47bcb8ae49eafe78e) Importer(815301076,1909f56bfc062723c751e8b465ee728b)
Start importing Assets/Objects/playerball.cs using Guid(5dde7d426c88d2c47bcb8ae49eafe78e) Importer(815301076,1909f56bfc062723c751e8b465ee728b)  -> (artifact id: '99dd73207da3df84fd1a6cde1a5956e0') in 0.013509 seconds 
  Import took 0.016403 seconds .

========================================================================
Received Import Request.
  Time since last request: 169.736517 seconds.
  path: Assets/Objects/PlayerBall.prefab
  artifactKey: Guid(daab172a83c29b2449acb23af281d3b3) Importer(815301076,1909f56bfc062723c751e8b465ee728b)
Start importing Assets/Objects/PlayerBall.prefab using Guid(daab172a83c29b2449acb23af281d3b3) Importer(815301076,1909f56bfc062723c751e8b465ee728b)  -> (artifact id: '6d6b47094f3060e54c60f1ff6de6a588') in 0.040707 seconds 
  Import took 0.043591 seconds .

========================================================================
Received Import Request.
  Time since last request: 7.427041 seconds.
  path: Assets/Objects/Enemy.cs
  artifactKey: Guid(3009b5b747da60a43a05bb960e71a68c) Importer(815301076,1909f56bfc062723c751e8b465ee728b)
Start importing Assets/Objects/Enemy.cs using Guid(3009b5b747da60a43a05bb960e71a68c) Importer(815301076,1909f56bfc062723c751e8b465ee728b)  -> (artifact id: '5ac4f0c2290781d029f7f129b70c0d94') in 0.001973 seconds 
  Import took 0.004886 seconds .

========================================================================
Received Prepare
Registering precompiled user dll's ...
Registered in 0.002125 seconds.
Begin MonoManager ReloadAssembly
Native extension for WindowsStandalone target not found
Native extension for WebGL target not found
Refreshing native plugins compatible for Editor in 0.42 ms, found 3 plugins.
Preloading 0 native plugins for Editor in 0.00 ms.
Mono: successfully reloaded assembly
- Completed reload, in  0.840 seconds
Domain Reload Profiling:
	ReloadAssembly (840ms)
		BeginReloadAssembly (95ms)
			ExecutionOrderSort (0ms)
			DisableScriptedObjects (5ms)
			BackupInstance (0ms)
			ReleaseScriptingObjects (0ms)
			CreateAndSetChildDomain (29ms)
		EndReloadAssembly (694ms)
			LoadAssemblies (74ms)
			RebuildTransferFunctionScriptingTraits (0ms)
			SetupTypeCache (242ms)
			ReleaseScriptCaches (1ms)
			RebuildScriptCaches (35ms)
			SetupLoadedEditorAssemblies (255ms)
				LogAssemblyErrors (0ms)
				InitializePlatformSupportModulesInManaged (5ms)
				SetLoadedEditorAssemblies (0ms)
				RefreshPlugins (0ms)
				BeforeProcessingInitializeOnLoad (66ms)
				ProcessInitializeOnLoadAttributes (172ms)
				ProcessInitializeOnLoadMethodAttributes (4ms)
				AfterProcessingInitializeOnLoad (6ms)
				EditorAssembliesLoaded (0ms)
			ExecutionOrderSort2 (0ms)
			AwakeInstancesAfterBackupRestoration (10ms)
Platform modules already initialized, skipping
Refreshing native plugins compatible for Editor in 0.46 ms, found 3 plugins.
Preloading 0 native plugins for Editor in 0.00 ms.
Unloading 2085 Unused Serialized files (Serialized files now loaded: 0)
System memory in use before: 95.7 MB.
System memory in use after: 95.8 MB.

Unloading 14 unused Assets to reduce memory usage. Loaded Objects now: 2563.
Total: 2.793800 ms (FindLiveObjects: 0.231200 ms CreateObjectMapping: 0.100100 ms MarkObjects: 2.444500 ms  DeleteObjects: 0.016800 ms)

AssetImportParameters requested are different than current active one (requested -> active):
  custom:framework-win-MediaFoundation: 216162199b28c13a410421893ffa2e32 -> 
  custom:video-decoder-ogg-theora: a1e56fd34408186e4bbccfd4996cb3dc -> 
  custom:container-muxer-webm: aa71ff27fc2769a1b78a27578f13a17b -> 
  custom:container-demuxer-webm: 4f35f7cbe854078d1ac9338744f61a02 -> 
  custom:container-demuxer-ogg: 62fdf1f143b41e24485cea50d1cbac27 -> 
  custom:video-encoder-webm-vp8: eb34c28f22e8b96e1ab97ce403110664 -> 
  custom:video-decoder-webm-vp8: 9c59270c3fd7afecdb556c50c9e8de78 -> 
  custom:audio-decoder-ogg-vorbis: bf7c407c2cedff20999df2af8eb42d56 -> 
  custom:audio-encoder-webm-vorbis: bf7c407c2cedff20999df2af8eb42d56 -> 
========================================================================
Received Import Request.
  Time since last request: 351.710411 seconds.
  path: Assets/Objects/Enemy.cs
  artifactKey: Guid(3009b5b747da60a43a05bb960e71a68c) Importer(815301076,1909f56bfc062723c751e8b465ee728b)
Start importing Assets/Objects/Enemy.cs using Guid(3009b5b747da60a43a05bb960e71a68c) Importer(815301076,1909f56bfc062723c751e8b465ee728b)  -> (artifact id: '8ef0e1c7d55c9692ca85c50237b4ac66') in 0.003925 seconds 
  Import took 0.006738 seconds .

========================================================================
Received Import Request.
  Time since last request: 0.000154 seconds.
  path: Assets/Objects/PlayerBall.prefab
  artifactKey: Guid(daab172a83c29b2449acb23af281d3b3) Importer(815301076,1909f56bfc062723c751e8b465ee728b)
Start importing Assets/Objects/PlayerBall.prefab using Guid(daab172a83c29b2449acb23af281d3b3) Importer(815301076,1909f56bfc062723c751e8b465ee728b)  -> (artifact id: '506b80769435d12eb36a79deaaf75596') in 0.038701 seconds 
  Import took 0.041402 seconds .

========================================================================
Received Import Request.
  Time since last request: 6.067251 seconds.
  path: Assets/Objects/EnemyBall.prefab
  artifactKey: Guid(ef31f870a2e7fb547a143c49db29ae2b) Importer(815301076,1909f56bfc062723c751e8b465ee728b)
Start importing Assets/Objects/EnemyBall.prefab using Guid(ef31f870a2e7fb547a143c49db29ae2b) Importer(815301076,1909f56bfc062723c751e8b465ee728b)  -> (artifact id: 'bc03d227d880339adca0c7dc283d5574') in 0.008770 seconds 
  Import took 0.011836 seconds .

========================================================================
Received Import Request.
  Time since last request: 6.152781 seconds.
  path: Assets/Objects/EnemyBall.prefab
  artifactKey: Guid(ef31f870a2e7fb547a143c49db29ae2b) Importer(815301076,1909f56bfc062723c751e8b465ee728b)
Start importing Assets/Objects/EnemyBall.prefab using Guid(ef31f870a2e7fb547a143c49db29ae2b) Importer(815301076,1909f56bfc062723c751e8b465ee728b)  -> (artifact id: 'c40d9b270e1e810704f0160948f1d626') in 0.006108 seconds 
  Import took 0.008868 seconds .

========================================================================
Received Import Request.
  Time since last request: 6.160532 seconds.
  path: Assets/Objects/EnemyBall.prefab
  artifactKey: Guid(ef31f870a2e7fb547a143c49db29ae2b) Importer(815301076,1909f56bfc062723c751e8b465ee728b)
Start importing Assets/Objects/EnemyBall.prefab using Guid(ef31f870a2e7fb547a143c49db29ae2b) Importer(815301076,1909f56bfc062723c751e8b465ee728b)  -> (artifact id: '2593289fa23a9a4fbf1d86a524c45715') in 0.006195 seconds 
  Import took 0.008984 seconds .

========================================================================
Received Import Request.
  Time since last request: 3.397603 seconds.
  path: Assets/Objects/EnemyBall.prefab
  artifactKey: Guid(ef31f870a2e7fb547a143c49db29ae2b) Importer(815301076,1909f56bfc062723c751e8b465ee728b)
Start importing Assets/Objects/EnemyBall.prefab using Guid(ef31f870a2e7fb547a143c49db29ae2b) Importer(815301076,1909f56bfc062723c751e8b465ee728b)  -> (artifact id: 'bdc85ee0cb92a6a3c2ca910817c1d6f2') in 0.008597 seconds 
  Import took 0.012856 seconds .

========================================================================
Received Import Request.
  Time since last request: 5.924002 seconds.
  path: Assets/Objects/EnemyBall.prefab
  artifactKey: Guid(ef31f870a2e7fb547a143c49db29ae2b) Importer(815301076,1909f56bfc062723c751e8b465ee728b)
Start importing Assets/Objects/EnemyBall.prefab using Guid(ef31f870a2e7fb547a143c49db29ae2b) Importer(815301076,1909f56bfc062723c751e8b465ee728b)  -> (artifact id: '89a42e311b604406f6a927cf7454abd7') in 0.006188 seconds 
  Import took 0.009021 seconds .

========================================================================
Received Import Request.
  Time since last request: 266.198179 seconds.
  path: Assets/Objects/EnemyDied.prefab
  artifactKey: Guid(6158df8df010e7a42ace4b56f6cdd04d) Importer(815301076,1909f56bfc062723c751e8b465ee728b)
Start importing Assets/Objects/EnemyDied.prefab using Guid(6158df8df010e7a42ace4b56f6cdd04d) Importer(815301076,1909f56bfc062723c751e8b465ee728b)  -> (artifact id: '6b81c2a95727f16756d763c3d51377c4') in 0.016418 seconds 
  Import took 0.020355 seconds .

========================================================================
Received Import Request.
  Time since last request: 21.294379 seconds.
  path: Assets/Objects/EnemyBall.prefab
  artifactKey: Guid(ef31f870a2e7fb547a143c49db29ae2b) Importer(815301076,1909f56bfc062723c751e8b465ee728b)
Start importing Assets/Objects/EnemyBall.prefab using Guid(ef31f870a2e7fb547a143c49db29ae2b) Importer(815301076,1909f56bfc062723c751e8b465ee728b)  -> (artifact id: '4486b84c9c34a0f16d7cc6f6a469917b') in 0.009663 seconds 
  Import took 0.012557 seconds .

========================================================================
Received Import Request.
  Time since last request: 8.878305 seconds.
  path: Assets/Objects/EnemyBall.prefab
  artifactKey: Guid(ef31f870a2e7fb547a143c49db29ae2b) Importer(815301076,1909f56bfc062723c751e8b465ee728b)
Start importing Assets/Objects/EnemyBall.prefab using Guid(ef31f870a2e7fb547a143c49db29ae2b) Importer(815301076,1909f56bfc062723c751e8b465ee728b)  -> (artifact id: '3ccf1550d80885d8cbea64b1842afd68') in 0.006951 seconds 
  Import took 0.009902 seconds .

========================================================================
Received Import Request.
  Time since last request: 19.924913 seconds.
  path: Assets/Objects/PlayerBall.prefab
  artifactKey: Guid(daab172a83c29b2449acb23af281d3b3) Importer(815301076,1909f56bfc062723c751e8b465ee728b)
Start importing Assets/Objects/PlayerBall.prefab using Guid(daab172a83c29b2449acb23af281d3b3) Importer(815301076,1909f56bfc062723c751e8b465ee728b)  -> (artifact id: 'ff43e1897a63b1c83e0b630ef961b241') in 0.006341 seconds 
  Import took 0.009155 seconds .

========================================================================
Received Prepare
Registering precompiled user dll's ...
Registered in 0.002226 seconds.
Begin MonoManager ReloadAssembly
Native extension for WindowsStandalone target not found
Native extension for WebGL target not found
Refreshing native plugins compatible for Editor in 0.43 ms, found 3 plugins.
Preloading 0 native plugins for Editor in 0.00 ms.
Mono: successfully reloaded assembly
- Completed reload, in  0.889 seconds
Domain Reload Profiling:
	ReloadAssembly (889ms)
		BeginReloadAssembly (105ms)
			ExecutionOrderSort (0ms)
			DisableScriptedObjects (5ms)
			BackupInstance (0ms)
			ReleaseScriptingObjects (0ms)
			CreateAndSetChildDomain (31ms)
		EndReloadAssembly (728ms)
			LoadAssemblies (87ms)
			RebuildTransferFunctionScriptingTraits (0ms)
			SetupTypeCache (245ms)
			ReleaseScriptCaches (1ms)
			RebuildScriptCaches (37ms)
			SetupLoadedEditorAssemblies (256ms)
				LogAssemblyErrors (0ms)
				InitializePlatformSupportModulesInManaged (5ms)
				SetLoadedEditorAssemblies (0ms)
				RefreshPlugins (0ms)
				BeforeProcessingInitializeOnLoad (65ms)
				ProcessInitializeOnLoadAttributes (174ms)
				ProcessInitializeOnLoadMethodAttributes (4ms)
				AfterProcessingInitializeOnLoad (6ms)
				EditorAssembliesLoaded (0ms)
			ExecutionOrderSort2 (0ms)
			AwakeInstancesAfterBackupRestoration (9ms)
Platform modules already initialized, skipping
Refreshing native plugins compatible for Editor in 0.38 ms, found 3 plugins.
Preloading 0 native plugins for Editor in 0.00 ms.
Unloading 2085 Unused Serialized files (Serialized files now loaded: 0)
System memory in use before: 95.9 MB.
System memory in use after: 96.0 MB.

Unloading 16 unused Assets to reduce memory usage. Loaded Objects now: 2568.
Total: 2.988200 ms (FindLiveObjects: 0.239700 ms CreateObjectMapping: 0.118000 ms MarkObjects: 2.593700 ms  DeleteObjects: 0.035600 ms)

AssetImportParameters requested are different than current active one (requested -> active):
  custom:framework-win-MediaFoundation: 216162199b28c13a410421893ffa2e32 -> 
  custom:video-decoder-ogg-theora: a1e56fd34408186e4bbccfd4996cb3dc -> 
  custom:container-muxer-webm: aa71ff27fc2769a1b78a27578f13a17b -> 
  custom:container-demuxer-webm: 4f35f7cbe854078d1ac9338744f61a02 -> 
  custom:container-demuxer-ogg: 62fdf1f143b41e24485cea50d1cbac27 -> 
  custom:video-encoder-webm-vp8: eb34c28f22e8b96e1ab97ce403110664 -> 
  custom:video-decoder-webm-vp8: 9c59270c3fd7afecdb556c50c9e8de78 -> 
  custom:audio-decoder-ogg-vorbis: bf7c407c2cedff20999df2af8eb42d56 -> 
  custom:audio-encoder-webm-vorbis: bf7c407c2cedff20999df2af8eb42d56 -> 
========================================================================
Received Prepare
Registering precompiled user dll's ...
Registered in 0.002224 seconds.
Begin MonoManager ReloadAssembly
Native extension for WindowsStandalone target not found
Native extension for WebGL target not found
Refreshing native plugins compatible for Editor in 0.38 ms, found 3 plugins.
Preloading 0 native plugins for Editor in 0.00 ms.
Mono: successfully reloaded assembly
- Completed reload, in  0.796 seconds
Domain Reload Profiling:
	ReloadAssembly (796ms)
		BeginReloadAssembly (90ms)
			ExecutionOrderSort (0ms)
			DisableScriptedObjects (5ms)
			BackupInstance (0ms)
			ReleaseScriptingObjects (0ms)
			CreateAndSetChildDomain (26ms)
		EndReloadAssembly (657ms)
			LoadAssemblies (72ms)
			RebuildTransferFunctionScriptingTraits (0ms)
			SetupTypeCache (225ms)
			ReleaseScriptCaches (1ms)
			RebuildScriptCaches (34ms)
			SetupLoadedEditorAssemblies (241ms)
				LogAssemblyErrors (0ms)
				InitializePlatformSupportModulesInManaged (5ms)
				SetLoadedEditorAssemblies (0ms)
				RefreshPlugins (0ms)
				BeforeProcessingInitializeOnLoad (66ms)
				ProcessInitializeOnLoadAttributes (159ms)
				ProcessInitializeOnLoadMethodAttributes (4ms)
				AfterProcessingInitializeOnLoad (5ms)
				EditorAssembliesLoaded (0ms)
			ExecutionOrderSort2 (0ms)
			AwakeInstancesAfterBackupRestoration (10ms)
Platform modules already initialized, skipping
Refreshing native plugins compatible for Editor in 0.39 ms, found 3 plugins.
Preloading 0 native plugins for Editor in 0.00 ms.
Unloading 2085 Unused Serialized files (Serialized files now loaded: 0)
System memory in use before: 95.9 MB.
System memory in use after: 96.0 MB.

Unloading 14 unused Assets to reduce memory usage. Loaded Objects now: 2571.
Total: 2.470900 ms (FindLiveObjects: 0.172000 ms CreateObjectMapping: 0.064300 ms MarkObjects: 2.218900 ms  DeleteObjects: 0.014900 ms)

AssetImportParameters requested are different than current active one (requested -> active):
  custom:framework-win-MediaFoundation: 216162199b28c13a410421893ffa2e32 -> 
  custom:video-decoder-ogg-theora: a1e56fd34408186e4bbccfd4996cb3dc -> 
  custom:container-muxer-webm: aa71ff27fc2769a1b78a27578f13a17b -> 
  custom:container-demuxer-webm: 4f35f7cbe854078d1ac9338744f61a02 -> 
  custom:container-demuxer-ogg: 62fdf1f143b41e24485cea50d1cbac27 -> 
  custom:video-encoder-webm-vp8: eb34c28f22e8b96e1ab97ce403110664 -> 
  custom:video-decoder-webm-vp8: 9c59270c3fd7afecdb556c50c9e8de78 -> 
  custom:audio-decoder-ogg-vorbis: bf7c407c2cedff20999df2af8eb42d56 -> 
  custom:audio-encoder-webm-vorbis: bf7c407c2cedff20999df2af8eb42d56 -> 
========================================================================
Received Prepare
Registering precompiled user dll's ...
Registered in 0.002107 seconds.
Begin MonoManager ReloadAssembly
Native extension for WindowsStandalone target not found
Native extension for WebGL target not found
Refreshing native plugins compatible for Editor in 0.40 ms, found 3 plugins.
Preloading 0 native plugins for Editor in 0.00 ms.
Mono: successfully reloaded assembly
- Completed reload, in  0.794 seconds
Domain Reload Profiling:
	ReloadAssembly (795ms)
		BeginReloadAssembly (87ms)
			ExecutionOrderSort (0ms)
			DisableScriptedObjects (5ms)
			BackupInstance (0ms)
			ReleaseScriptingObjects (0ms)
			CreateAndSetChildDomain (27ms)
		EndReloadAssembly (658ms)
			LoadAssemblies (72ms)
			RebuildTransferFunctionScriptingTraits (0ms)
			SetupTypeCache (226ms)
			ReleaseScriptCaches (1ms)
			RebuildScriptCaches (35ms)
			SetupLoadedEditorAssemblies (242ms)
				LogAssemblyErrors (0ms)
				InitializePlatformSupportModulesInManaged (5ms)
				SetLoadedEditorAssemblies (0ms)
				RefreshPlugins (0ms)
				BeforeProcessingInitializeOnLoad (65ms)
				ProcessInitializeOnLoadAttributes (161ms)
				ProcessInitializeOnLoadMethodAttributes (4ms)
				AfterProcessingInitializeOnLoad (5ms)
				EditorAssembliesLoaded (0ms)
			ExecutionOrderSort2 (0ms)
			AwakeInstancesAfterBackupRestoration (9ms)
Platform modules already initialized, skipping
Refreshing native plugins compatible for Editor in 0.51 ms, found 3 plugins.
Preloading 0 native plugins for Editor in 0.00 ms.
Unloading 2085 Unused Serialized files (Serialized files now loaded: 0)
System memory in use before: 95.9 MB.
System memory in use after: 96.0 MB.

Unloading 14 unused Assets to reduce memory usage. Loaded Objects now: 2574.
Total: 2.993900 ms (FindLiveObjects: 0.168300 ms CreateObjectMapping: 0.067100 ms MarkObjects: 2.739400 ms  DeleteObjects: 0.017700 ms)

AssetImportParameters requested are different than current active one (requested -> active):
  custom:framework-win-MediaFoundation: 216162199b28c13a410421893ffa2e32 -> 
  custom:video-decoder-ogg-theora: a1e56fd34408186e4bbccfd4996cb3dc -> 
  custom:container-muxer-webm: aa71ff27fc2769a1b78a27578f13a17b -> 
  custom:container-demuxer-webm: 4f35f7cbe854078d1ac9338744f61a02 -> 
  custom:container-demuxer-ogg: 62fdf1f143b41e24485cea50d1cbac27 -> 
  custom:video-encoder-webm-vp8: eb34c28f22e8b96e1ab97ce403110664 -> 
  custom:video-decoder-webm-vp8: 9c59270c3fd7afecdb556c50c9e8de78 -> 
  custom:audio-decoder-ogg-vorbis: bf7c407c2cedff20999df2af8eb42d56 -> 
  custom:audio-encoder-webm-vorbis: bf7c407c2cedff20999df2af8eb42d56 -> 
========================================================================
Received Prepare
Registering precompiled user dll's ...
Registered in 0.002083 seconds.
Begin MonoManager ReloadAssembly
Native extension for WindowsStandalone target not found
Native extension for WebGL target not found
Refreshing native plugins compatible for Editor in 0.41 ms, found 3 plugins.
Preloading 0 native plugins for Editor in 0.00 ms.
Mono: successfully reloaded assembly
- Completed reload, in  0.806 seconds
Domain Reload Profiling:
	ReloadAssembly (806ms)
		BeginReloadAssembly (100ms)
			ExecutionOrderSort (0ms)
			DisableScriptedObjects (5ms)
			BackupInstance (0ms)
			ReleaseScriptingObjects (0ms)
			CreateAndSetChildDomain (26ms)
		EndReloadAssembly (657ms)
			LoadAssemblies (71ms)
			RebuildTransferFunctionScriptingTraits (0ms)
			SetupTypeCache (227ms)
			ReleaseScriptCaches (1ms)
			RebuildScriptCaches (34ms)
			SetupLoadedEditorAssemblies (243ms)
				LogAssemblyErrors (0ms)
				InitializePlatformSupportModulesInManaged (5ms)
				SetLoadedEditorAssemblies (1ms)
				RefreshPlugins (0ms)
				BeforeProcessingInitializeOnLoad (64ms)
				ProcessInitializeOnLoadAttributes (162ms)
				ProcessInitializeOnLoadMethodAttributes (4ms)
				AfterProcessingInitializeOnLoad (5ms)
				EditorAssembliesLoaded (0ms)
			ExecutionOrderSort2 (0ms)
			AwakeInstancesAfterBackupRestoration (8ms)
Platform modules already initialized, skipping
Refreshing native plugins compatible for Editor in 0.53 ms, found 3 plugins.
Preloading 0 native plugins for Editor in 0.00 ms.
Unloading 2085 Unused Serialized files (Serialized files now loaded: 0)
System memory in use before: 95.9 MB.
System memory in use after: 96.0 MB.

Unloading 14 unused Assets to reduce memory usage. Loaded Objects now: 2577.
Total: 2.665600 ms (FindLiveObjects: 0.161800 ms CreateObjectMapping: 0.066600 ms MarkObjects: 2.424900 ms  DeleteObjects: 0.011500 ms)

AssetImportParameters requested are different than current active one (requested -> active):
  custom:framework-win-MediaFoundation: 216162199b28c13a410421893ffa2e32 -> 
  custom:video-decoder-ogg-theora: a1e56fd34408186e4bbccfd4996cb3dc -> 
  custom:container-muxer-webm: aa71ff27fc2769a1b78a27578f13a17b -> 
  custom:container-demuxer-webm: 4f35f7cbe854078d1ac9338744f61a02 -> 
  custom:container-demuxer-ogg: 62fdf1f143b41e24485cea50d1cbac27 -> 
  custom:video-encoder-webm-vp8: eb34c28f22e8b96e1ab97ce403110664 -> 
  custom:video-decoder-webm-vp8: 9c59270c3fd7afecdb556c50c9e8de78 -> 
  custom:audio-decoder-ogg-vorbis: bf7c407c2cedff20999df2af8eb42d56 -> 
  custom:audio-encoder-webm-vorbis: bf7c407c2cedff20999df2af8eb42d56 -> 
========================================================================
Received Prepare
Registering precompiled user dll's ...
Registered in 0.002116 seconds.
Begin MonoManager ReloadAssembly
Native extension for WindowsStandalone target not found
Native extension for WebGL target not found
Refreshing native plugins compatible for Editor in 0.42 ms, found 3 plugins.
Preloading 0 native plugins for Editor in 0.00 ms.
Mono: successfully reloaded assembly
- Completed reload, in  0.853 seconds
Domain Reload Profiling:
	ReloadAssembly (853ms)
		BeginReloadAssembly (103ms)
			ExecutionOrderSort (0ms)
			DisableScriptedObjects (5ms)
			BackupInstance (0ms)
			ReleaseScriptingObjects (0ms)
			CreateAndSetChildDomain (28ms)
		EndReloadAssembly (696ms)
			LoadAssemblies (81ms)
			RebuildTransferFunctionScriptingTraits (0ms)
			SetupTypeCache (236ms)
			ReleaseScriptCaches (1ms)
			RebuildScriptCaches (36ms)
			SetupLoadedEditorAssemblies (251ms)
				LogAssemblyErrors (0ms)
				InitializePlatformSupportModulesInManaged (5ms)
				SetLoadedEditorAssemblies (0ms)
				RefreshPlugins (0ms)
				BeforeProcessingInitializeOnLoad (67ms)
				ProcessInitializeOnLoadAttributes (167ms)
				ProcessInitializeOnLoadMethodAttributes (5ms)
				AfterProcessingInitializeOnLoad (5ms)
				EditorAssembliesLoaded (0ms)
			ExecutionOrderSort2 (0ms)
			AwakeInstancesAfterBackupRestoration (9ms)
Platform modules already initialized, skipping
Refreshing native plugins compatible for Editor in 0.43 ms, found 3 plugins.
Preloading 0 native plugins for Editor in 0.00 ms.
Unloading 2085 Unused Serialized files (Serialized files now loaded: 0)
System memory in use before: 95.9 MB.
System memory in use after: 96.0 MB.

Unloading 14 unused Assets to reduce memory usage. Loaded Objects now: 2580.
Total: 2.822500 ms (FindLiveObjects: 0.176300 ms CreateObjectMapping: 0.071000 ms MarkObjects: 2.558800 ms  DeleteObjects: 0.015200 ms)

AssetImportParameters requested are different than current active one (requested -> active):
  custom:framework-win-MediaFoundation: 216162199b28c13a410421893ffa2e32 -> 
  custom:video-decoder-ogg-theora: a1e56fd34408186e4bbccfd4996cb3dc -> 
  custom:container-muxer-webm: aa71ff27fc2769a1b78a27578f13a17b -> 
  custom:container-demuxer-webm: 4f35f7cbe854078d1ac9338744f61a02 -> 
  custom:container-demuxer-ogg: 62fdf1f143b41e24485cea50d1cbac27 -> 
  custom:video-encoder-webm-vp8: eb34c28f22e8b96e1ab97ce403110664 -> 
  custom:video-decoder-webm-vp8: 9c59270c3fd7afecdb556c50c9e8de78 -> 
  custom:audio-decoder-ogg-vorbis: bf7c407c2cedff20999df2af8eb42d56 -> 
  custom:audio-encoder-webm-vorbis: bf7c407c2cedff20999df2af8eb42d56 -> 
========================================================================
Received Import Request.
  Time since last request: 280.081902 seconds.
  path: Assets/Objects/Hexagon.prefab
  artifactKey: Guid(5251b71978cf87b4298c4d50c6d1ccef) Importer(815301076,1909f56bfc062723c751e8b465ee728b)
Start importing Assets/Objects/Hexagon.prefab using Guid(5251b71978cf87b4298c4d50c6d1ccef) Importer(815301076,1909f56bfc062723c751e8b465ee728b)  -> (artifact id: '77963943fe0c2baac91c36370698ee05') in 0.043529 seconds 
  Import took 0.046358 seconds .

========================================================================
Received Import Request.
  Time since last request: 17.392395 seconds.
  path: Assets/Objects/Rectangle.prefab
  artifactKey: Guid(be3c0ac2e3ab374419668008593df55d) Importer(815301076,1909f56bfc062723c751e8b465ee728b)
Start importing Assets/Objects/Rectangle.prefab using Guid(be3c0ac2e3ab374419668008593df55d) Importer(815301076,1909f56bfc062723c751e8b465ee728b)  -> (artifact id: 'da1c84d38482e04ad305d5726945e446') in 0.009235 seconds 
  Import took 0.012101 seconds .

========================================================================
Received Import Request.
  Time since last request: 4.067304 seconds.
  path: Assets/Objects/Square.prefab
  artifactKey: Guid(1c28ccf664e80b14cbac035a919200f8) Importer(815301076,1909f56bfc062723c751e8b465ee728b)
Start importing Assets/Objects/Square.prefab using Guid(1c28ccf664e80b14cbac035a919200f8) Importer(815301076,1909f56bfc062723c751e8b465ee728b)  -> (artifact id: '6269523e38ea76547e5b0d6aea5a6156') in 0.009881 seconds 
  Import took 0.013095 seconds .

========================================================================
Received Prepare
Registering precompiled user dll's ...
Registered in 0.002118 seconds.
Begin MonoManager ReloadAssembly
Native extension for WindowsStandalone target not found
Native extension for WebGL target not found
Refreshing native plugins compatible for Editor in 0.42 ms, found 3 plugins.
Preloading 0 native plugins for Editor in 0.00 ms.
Mono: successfully reloaded assembly
- Completed reload, in  0.838 seconds
Domain Reload Profiling:
	ReloadAssembly (838ms)
		BeginReloadAssembly (95ms)
			ExecutionOrderSort (0ms)
			DisableScriptedObjects (6ms)
			BackupInstance (0ms)
			ReleaseScriptingObjects (0ms)
			CreateAndSetChildDomain (29ms)
		EndReloadAssembly (688ms)
			LoadAssemblies (81ms)
			RebuildTransferFunctionScriptingTraits (0ms)
			SetupTypeCache (240ms)
			ReleaseScriptCaches (1ms)
			RebuildScriptCaches (36ms)
			SetupLoadedEditorAssemblies (245ms)
				LogAssemblyErrors (0ms)
				InitializePlatformSupportModulesInManaged (5ms)
				SetLoadedEditorAssemblies (0ms)
				RefreshPlugins (0ms)
				BeforeProcessingInitializeOnLoad (65ms)
				ProcessInitializeOnLoadAttributes (164ms)
				ProcessInitializeOnLoadMethodAttributes (5ms)
				AfterProcessingInitializeOnLoad (6ms)
				EditorAssembliesLoaded (0ms)
			ExecutionOrderSort2 (0ms)
			AwakeInstancesAfterBackupRestoration (9ms)
Platform modules already initialized, skipping
Refreshing native plugins compatible for Editor in 0.39 ms, found 3 plugins.
Preloading 0 native plugins for Editor in 0.00 ms.
Unloading 2085 Unused Serialized files (Serialized files now loaded: 0)
System memory in use before: 95.9 MB.
System memory in use after: 96.1 MB.

Unloading 14 unused Assets to reduce memory usage. Loaded Objects now: 2584.
Total: 3.074600 ms (FindLiveObjects: 0.217900 ms CreateObjectMapping: 0.085000 ms MarkObjects: 2.754400 ms  DeleteObjects: 0.016200 ms)

AssetImportParameters requested are different than current active one (requested -> active):
  custom:framework-win-MediaFoundation: 216162199b28c13a410421893ffa2e32 -> 
  custom:video-decoder-ogg-theora: a1e56fd34408186e4bbccfd4996cb3dc -> 
  custom:container-muxer-webm: aa71ff27fc2769a1b78a27578f13a17b -> 
  custom:container-demuxer-webm: 4f35f7cbe854078d1ac9338744f61a02 -> 
  custom:container-demuxer-ogg: 62fdf1f143b41e24485cea50d1cbac27 -> 
  custom:video-encoder-webm-vp8: eb34c28f22e8b96e1ab97ce403110664 -> 
  custom:video-decoder-webm-vp8: 9c59270c3fd7afecdb556c50c9e8de78 -> 
  custom:audio-decoder-ogg-vorbis: bf7c407c2cedff20999df2af8eb42d56 -> 
  custom:audio-encoder-webm-vorbis: bf7c407c2cedff20999df2af8eb42d56 -> 
========================================================================
Received Import Request.
  Time since last request: 74.538370 seconds.
  path: Assets/FirstLevel.unity
  artifactKey: Guid(3bef389146c00b94ca40872e3f45dd78) Importer(815301076,1909f56bfc062723c751e8b465ee728b)
Start importing Assets/FirstLevel.unity using Guid(3bef389146c00b94ca40872e3f45dd78) Importer(815301076,1909f56bfc062723c751e8b465ee728b)  -> (artifact id: '2908a02367e24aaee1998600c84e1bc8') in 0.014746 seconds 
  Import took 0.018073 seconds .

========================================================================
Received Import Request.
  Time since last request: 0.822261 seconds.
  path: Assets/FirstLevel 1.unity
  artifactKey: Guid(4cc8a874dbb025140a3e3948c8d8b61d) Importer(815301076,1909f56bfc062723c751e8b465ee728b)
Start importing Assets/FirstLevel 1.unity using Guid(4cc8a874dbb025140a3e3948c8d8b61d) Importer(815301076,1909f56bfc062723c751e8b465ee728b)  -> (artifact id: '726bcf42435d8ab0044113d169adde28') in 0.005047 seconds 
  Import took 0.008056 seconds .

========================================================================
Received Import Request.
  Time since last request: 4.460445 seconds.
  path: Assets/SecondLevel.unity
  artifactKey: Guid(4cc8a874dbb025140a3e3948c8d8b61d) Importer(815301076,1909f56bfc062723c751e8b465ee728b)
Start importing Assets/SecondLevel.unity using Guid(4cc8a874dbb025140a3e3948c8d8b61d) Importer(815301076,1909f56bfc062723c751e8b465ee728b)  -> (artifact id: 'b4341a331da340bfd0cba968829d0a73') in 0.005333 seconds 
  Import took 0.008067 seconds .

========================================================================
Received Import Request.
  Time since last request: 9.567005 seconds.
  path: Assets/Objects/playball.physicsMaterial2D
  artifactKey: Guid(387d527201a825644a49e5052c554c2e) Importer(815301076,1909f56bfc062723c751e8b465ee728b)
Start importing Assets/Objects/playball.physicsMaterial2D using Guid(387d527201a825644a49e5052c554c2e) Importer(815301076,1909f56bfc062723c751e8b465ee728b)  -> (artifact id: '58366eeab281697dfb0dc1b30f51c9b4') in 0.004845 seconds 
  Import took 0.007721 seconds .

========================================================================
Received Prepare
Registering precompiled user dll's ...
Registered in 0.002087 seconds.
Begin MonoManager ReloadAssembly
Native extension for WindowsStandalone target not found
Native extension for WebGL target not found
Refreshing native plugins compatible for Editor in 0.42 ms, found 3 plugins.
Preloading 0 native plugins for Editor in 0.00 ms.
Mono: successfully reloaded assembly
- Completed reload, in  0.869 seconds
Domain Reload Profiling:
	ReloadAssembly (869ms)
		BeginReloadAssembly (114ms)
			ExecutionOrderSort (0ms)
			DisableScriptedObjects (5ms)
			BackupInstance (0ms)
			ReleaseScriptingObjects (0ms)
			CreateAndSetChildDomain (27ms)
		EndReloadAssembly (695ms)
			LoadAssemblies (98ms)
			RebuildTransferFunctionScriptingTraits (0ms)
			SetupTypeCache (233ms)
			ReleaseScriptCaches (1ms)
			RebuildScriptCaches (34ms)
			SetupLoadedEditorAssemblies (268ms)
				LogAssemblyErrors (0ms)
				InitializePlatformSupportModulesInManaged (5ms)
				SetLoadedEditorAssemblies (1ms)
				RefreshPlugins (0ms)
				BeforeProcessingInitializeOnLoad (64ms)
				ProcessInitializeOnLoadAttributes (189ms)
				ProcessInitializeOnLoadMethodAttributes (4ms)
				AfterProcessingInitializeOnLoad (5ms)
				EditorAssembliesLoaded (0ms)
			ExecutionOrderSort2 (0ms)
			AwakeInstancesAfterBackupRestoration (9ms)
Platform modules already initialized, skipping
Refreshing native plugins compatible for Editor in 0.40 ms, found 3 plugins.
Preloading 0 native plugins for Editor in 0.00 ms.
Unloading 2085 Unused Serialized files (Serialized files now loaded: 0)
System memory in use before: 96.0 MB.
System memory in use after: 96.1 MB.

Unloading 14 unused Assets to reduce memory usage. Loaded Objects now: 2587.
Total: 2.675400 ms (FindLiveObjects: 0.170900 ms CreateObjectMapping: 0.067700 ms MarkObjects: 2.423900 ms  DeleteObjects: 0.012200 ms)

AssetImportParameters requested are different than current active one (requested -> active):
  custom:framework-win-MediaFoundation: 216162199b28c13a410421893ffa2e32 -> 
  custom:video-decoder-ogg-theora: a1e56fd34408186e4bbccfd4996cb3dc -> 
  custom:container-muxer-webm: aa71ff27fc2769a1b78a27578f13a17b -> 
  custom:container-demuxer-webm: 4f35f7cbe854078d1ac9338744f61a02 -> 
  custom:container-demuxer-ogg: 62fdf1f143b41e24485cea50d1cbac27 -> 
  custom:video-encoder-webm-vp8: eb34c28f22e8b96e1ab97ce403110664 -> 
  custom:video-decoder-webm-vp8: 9c59270c3fd7afecdb556c50c9e8de78 -> 
  custom:audio-decoder-ogg-vorbis: bf7c407c2cedff20999df2af8eb42d56 -> 
  custom:audio-encoder-webm-vorbis: bf7c407c2cedff20999df2af8eb42d56 -> 
========================================================================
Received Import Request.
  Time since last request: 103.039175 seconds.
  path: Assets/SecondLevel.unity
  artifactKey: Guid(4cc8a874dbb025140a3e3948c8d8b61d) Importer(815301076,1909f56bfc062723c751e8b465ee728b)
Start importing Assets/SecondLevel.unity using Guid(4cc8a874dbb025140a3e3948c8d8b61d) Importer(815301076,1909f56bfc062723c751e8b465ee728b)  -> (artifact id: '1bfdbc78ce67a9b6cc3cac76517b666f') in 0.011665 seconds 
  Import took 0.014594 seconds .

========================================================================
Received Prepare
Registering precompiled user dll's ...
Registered in 0.002165 seconds.
Begin MonoManager ReloadAssembly
Native extension for WindowsStandalone target not found
Native extension for WebGL target not found
Refreshing native plugins compatible for Editor in 0.67 ms, found 3 plugins.
Preloading 0 native plugins for Editor in 0.00 ms.
Mono: successfully reloaded assembly
- Completed reload, in  0.826 seconds
Domain Reload Profiling:
	ReloadAssembly (826ms)
		BeginReloadAssembly (90ms)
			ExecutionOrderSort (0ms)
			DisableScriptedObjects (5ms)
			BackupInstance (0ms)
			ReleaseScriptingObjects (0ms)
			CreateAndSetChildDomain (27ms)
		EndReloadAssembly (687ms)
			LoadAssemblies (76ms)
			RebuildTransferFunctionScriptingTraits (0ms)
			SetupTypeCache (223ms)
			ReleaseScriptCaches (1ms)
			RebuildScriptCaches (35ms)
			SetupLoadedEditorAssemblies (248ms)
				LogAssemblyErrors (0ms)
				InitializePlatformSupportModulesInManaged (11ms)
				SetLoadedEditorAssemblies (1ms)
				RefreshPlugins (1ms)
				BeforeProcessingInitializeOnLoad (67ms)
				ProcessInitializeOnLoadAttributes (158ms)
				ProcessInitializeOnLoadMethodAttributes (4ms)
				AfterProcessingInitializeOnLoad (5ms)
				EditorAssembliesLoaded (0ms)
			ExecutionOrderSort2 (0ms)
			AwakeInstancesAfterBackupRestoration (8ms)
Platform modules already initialized, skipping
Refreshing native plugins compatible for Editor in 0.38 ms, found 3 plugins.
Preloading 0 native plugins for Editor in 0.00 ms.
Unloading 2085 Unused Serialized files (Serialized files now loaded: 0)
System memory in use before: 96.0 MB.
System memory in use after: 96.1 MB.

Unloading 14 unused Assets to reduce memory usage. Loaded Objects now: 2590.
Total: 2.778900 ms (FindLiveObjects: 0.177100 ms CreateObjectMapping: 0.069800 ms MarkObjects: 2.514000 ms  DeleteObjects: 0.016500 ms)

AssetImportParameters requested are different than current active one (requested -> active):
  custom:framework-win-MediaFoundation: 216162199b28c13a410421893ffa2e32 -> 
  custom:video-decoder-ogg-theora: a1e56fd34408186e4bbccfd4996cb3dc -> 
  custom:container-muxer-webm: aa71ff27fc2769a1b78a27578f13a17b -> 
  custom:container-demuxer-webm: 4f35f7cbe854078d1ac9338744f61a02 -> 
  custom:container-demuxer-ogg: 62fdf1f143b41e24485cea50d1cbac27 -> 
  custom:video-encoder-webm-vp8: eb34c28f22e8b96e1ab97ce403110664 -> 
  custom:video-decoder-webm-vp8: 9c59270c3fd7afecdb556c50c9e8de78 -> 
  custom:audio-decoder-ogg-vorbis: bf7c407c2cedff20999df2af8eb42d56 -> 
  custom:audio-encoder-webm-vorbis: bf7c407c2cedff20999df2af8eb42d56 -> 
========================================================================
Received Prepare
Registering precompiled user dll's ...
Registered in 0.002151 seconds.
Begin MonoManager ReloadAssembly
Native extension for WindowsStandalone target not found
Native extension for WebGL target not found
Refreshing native plugins compatible for Editor in 0.39 ms, found 3 plugins.
Preloading 0 native plugins for Editor in 0.00 ms.
Mono: successfully reloaded assembly
- Completed reload, in  0.822 seconds
Domain Reload Profiling:
	ReloadAssembly (822ms)
		BeginReloadAssembly (99ms)
			ExecutionOrderSort (0ms)
			DisableScriptedObjects (5ms)
			BackupInstance (0ms)
			ReleaseScriptingObjects (0ms)
			CreateAndSetChildDomain (27ms)
		EndReloadAssembly (670ms)
			LoadAssemblies (76ms)
			RebuildTransferFunctionScriptingTraits (0ms)
			SetupTypeCache (229ms)
			ReleaseScriptCaches (1ms)
			RebuildScriptCaches (34ms)
			SetupLoadedEditorAssemblies (252ms)
				LogAssemblyErrors (0ms)
				InitializePlatformSupportModulesInManaged (5ms)
				SetLoadedEditorAssemblies (0ms)
				RefreshPlugins (0ms)
				BeforeProcessingInitializeOnLoad (79ms)
				ProcessInitializeOnLoadAttributes (158ms)
				ProcessInitializeOnLoadMethodAttributes (4ms)
				AfterProcessingInitializeOnLoad (5ms)
				EditorAssembliesLoaded (0ms)
			ExecutionOrderSort2 (0ms)
			AwakeInstancesAfterBackupRestoration (9ms)
Platform modules already initialized, skipping
Refreshing native plugins compatible for Editor in 0.39 ms, found 3 plugins.
Preloading 0 native plugins for Editor in 0.00 ms.
Unloading 2085 Unused Serialized files (Serialized files now loaded: 0)
System memory in use before: 96.0 MB.
System memory in use after: 96.1 MB.

Unloading 14 unused Assets to reduce memory usage. Loaded Objects now: 2593.
Total: 2.574300 ms (FindLiveObjects: 0.154200 ms CreateObjectMapping: 0.061000 ms MarkObjects: 2.346400 ms  DeleteObjects: 0.012000 ms)

AssetImportParameters requested are different than current active one (requested -> active):
  custom:framework-win-MediaFoundation: 216162199b28c13a410421893ffa2e32 -> 
  custom:video-decoder-ogg-theora: a1e56fd34408186e4bbccfd4996cb3dc -> 
  custom:container-muxer-webm: aa71ff27fc2769a1b78a27578f13a17b -> 
  custom:container-demuxer-webm: 4f35f7cbe854078d1ac9338744f61a02 -> 
  custom:container-demuxer-ogg: 62fdf1f143b41e24485cea50d1cbac27 -> 
  custom:video-encoder-webm-vp8: eb34c28f22e8b96e1ab97ce403110664 -> 
  custom:video-decoder-webm-vp8: 9c59270c3fd7afecdb556c50c9e8de78 -> 
  custom:audio-decoder-ogg-vorbis: bf7c407c2cedff20999df2af8eb42d56 -> 
  custom:audio-encoder-webm-vorbis: bf7c407c2cedff20999df2af8eb42d56 -> 
========================================================================
Received Prepare
Registering precompiled user dll's ...
Registered in 0.002118 seconds.
Begin MonoManager ReloadAssembly
Native extension for WindowsStandalone target not found
Native extension for WebGL target not found
Refreshing native plugins compatible for Editor in 0.46 ms, found 3 plugins.
Preloading 0 native plugins for Editor in 0.00 ms.
Mono: successfully reloaded assembly
- Completed reload, in  0.856 seconds
Domain Reload Profiling:
	ReloadAssembly (856ms)
		BeginReloadAssembly (99ms)
			ExecutionOrderSort (0ms)
			DisableScriptedObjects (5ms)
			BackupInstance (0ms)
			ReleaseScriptingObjects (0ms)
			CreateAndSetChildDomain (27ms)
		EndReloadAssembly (704ms)
			LoadAssemblies (84ms)
			RebuildTransferFunctionScriptingTraits (0ms)
			SetupTypeCache (237ms)
			ReleaseScriptCaches (1ms)
			RebuildScriptCaches (37ms)
			SetupLoadedEditorAssemblies (259ms)
				LogAssemblyErrors (0ms)
				InitializePlatformSupportModulesInManaged (6ms)
				SetLoadedEditorAssemblies (0ms)
				RefreshPlugins (1ms)
				BeforeProcessingInitializeOnLoad (69ms)
				ProcessInitializeOnLoadAttributes (172ms)
				ProcessInitializeOnLoadMethodAttributes (5ms)
				AfterProcessingInitializeOnLoad (6ms)
				EditorAssembliesLoaded (0ms)
			ExecutionOrderSort2 (0ms)
			AwakeInstancesAfterBackupRestoration (10ms)
Platform modules already initialized, skipping
Refreshing native plugins compatible for Editor in 0.54 ms, found 3 plugins.
Preloading 0 native plugins for Editor in 0.00 ms.
Unloading 2085 Unused Serialized files (Serialized files now loaded: 0)
System memory in use before: 96.0 MB.
System memory in use after: 96.1 MB.

Unloading 14 unused Assets to reduce memory usage. Loaded Objects now: 2596.
Total: 2.973800 ms (FindLiveObjects: 0.205700 ms CreateObjectMapping: 0.092900 ms MarkObjects: 2.658500 ms  DeleteObjects: 0.015600 ms)

AssetImportParameters requested are different than current active one (requested -> active):
  custom:framework-win-MediaFoundation: 216162199b28c13a410421893ffa2e32 -> 
  custom:video-decoder-ogg-theora: a1e56fd34408186e4bbccfd4996cb3dc -> 
  custom:container-muxer-webm: aa71ff27fc2769a1b78a27578f13a17b -> 
  custom:container-demuxer-webm: 4f35f7cbe854078d1ac9338744f61a02 -> 
  custom:container-demuxer-ogg: 62fdf1f143b41e24485cea50d1cbac27 -> 
  custom:video-encoder-webm-vp8: eb34c28f22e8b96e1ab97ce403110664 -> 
  custom:video-decoder-webm-vp8: 9c59270c3fd7afecdb556c50c9e8de78 -> 
  custom:audio-decoder-ogg-vorbis: bf7c407c2cedff20999df2af8eb42d56 -> 
  custom:audio-encoder-webm-vorbis: bf7c407c2cedff20999df2af8eb42d56 -> 
========================================================================
Received Import Request.
  Time since last request: 246.866480 seconds.
  path: Assets/Objects/PlayerBall.prefab
  artifactKey: Guid(daab172a83c29b2449acb23af281d3b3) Importer(815301076,1909f56bfc062723c751e8b465ee728b)
Start importing Assets/Objects/PlayerBall.prefab using Guid(daab172a83c29b2449acb23af281d3b3) Importer(815301076,1909f56bfc062723c751e8b465ee728b)  -> (artifact id: '51f7f09132808765e7bdd4d17d16ffe1') in 0.042276 seconds 
  Import took 0.045246 seconds .

========================================================================
Received Prepare
Registering precompiled user dll's ...
Registered in 0.002083 seconds.
Begin MonoManager ReloadAssembly
Native extension for WindowsStandalone target not found
Native extension for WebGL target not found
Refreshing native plugins compatible for Editor in 0.39 ms, found 3 plugins.
Preloading 0 native plugins for Editor in 0.00 ms.
Mono: successfully reloaded assembly
- Completed reload, in  0.815 seconds
Domain Reload Profiling:
	ReloadAssembly (815ms)
		BeginReloadAssembly (96ms)
			ExecutionOrderSort (0ms)
			DisableScriptedObjects (5ms)
			BackupInstance (0ms)
			ReleaseScriptingObjects (0ms)
			CreateAndSetChildDomain (28ms)
		EndReloadAssembly (668ms)
			LoadAssemblies (73ms)
			RebuildTransferFunctionScriptingTraits (0ms)
			SetupTypeCache (235ms)
			ReleaseScriptCaches (1ms)
			RebuildScriptCaches (36ms)
			SetupLoadedEditorAssemblies (240ms)
				LogAssemblyErrors (0ms)
				InitializePlatformSupportModulesInManaged (5ms)
				SetLoadedEditorAssemblies (0ms)
				RefreshPlugins (0ms)
				BeforeProcessingInitializeOnLoad (63ms)
				ProcessInitializeOnLoadAttributes (162ms)
				ProcessInitializeOnLoadMethodAttributes (4ms)
				AfterProcessingInitializeOnLoad (6ms)
				EditorAssembliesLoaded (0ms)
			ExecutionOrderSort2 (0ms)
			AwakeInstancesAfterBackupRestoration (9ms)
Platform modules already initialized, skipping
Refreshing native plugins compatible for Editor in 0.45 ms, found 3 plugins.
Preloading 0 native plugins for Editor in 0.00 ms.
Unloading 2085 Unused Serialized files (Serialized files now loaded: 0)
System memory in use before: 96.0 MB.
System memory in use after: 96.1 MB.

Unloading 14 unused Assets to reduce memory usage. Loaded Objects now: 2600.
Total: 3.489300 ms (FindLiveObjects: 0.190400 ms CreateObjectMapping: 0.081000 ms MarkObjects: 3.201200 ms  DeleteObjects: 0.015500 ms)

AssetImportParameters requested are different than current active one (requested -> active):
  custom:framework-win-MediaFoundation: 216162199b28c13a410421893ffa2e32 -> 
  custom:video-decoder-ogg-theora: a1e56fd34408186e4bbccfd4996cb3dc -> 
  custom:container-muxer-webm: aa71ff27fc2769a1b78a27578f13a17b -> 
  custom:container-demuxer-webm: 4f35f7cbe854078d1ac9338744f61a02 -> 
  custom:container-demuxer-ogg: 62fdf1f143b41e24485cea50d1cbac27 -> 
  custom:video-encoder-webm-vp8: eb34c28f22e8b96e1ab97ce403110664 -> 
  custom:video-decoder-webm-vp8: 9c59270c3fd7afecdb556c50c9e8de78 -> 
  custom:audio-decoder-ogg-vorbis: bf7c407c2cedff20999df2af8eb42d56 -> 
  custom:audio-encoder-webm-vorbis: bf7c407c2cedff20999df2af8eb42d56 -> 
========================================================================
Received Import Request.
  Time since last request: 28.796623 seconds.
  path: Assets/Objects/PlayerBall.prefab
  artifactKey: Guid(daab172a83c29b2449acb23af281d3b3) Importer(815301076,1909f56bfc062723c751e8b465ee728b)
Start importing Assets/Objects/PlayerBall.prefab using Guid(daab172a83c29b2449acb23af281d3b3) Importer(815301076,1909f56bfc062723c751e8b465ee728b)  -> (artifact id: '889a0cfbb59afab93be0d049ef0ede32') in 0.044328 seconds 
  Import took 0.047453 seconds .

========================================================================
Received Prepare
Registering precompiled user dll's ...
Registered in 0.002317 seconds.
Begin MonoManager ReloadAssembly
Native extension for WindowsStandalone target not found
Native extension for WebGL target not found
Refreshing native plugins compatible for Editor in 0.39 ms, found 3 plugins.
Preloading 0 native plugins for Editor in 0.00 ms.
Mono: successfully reloaded assembly
- Completed reload, in  0.817 seconds
Domain Reload Profiling:
	ReloadAssembly (817ms)
		BeginReloadAssembly (90ms)
			ExecutionOrderSort (0ms)
			DisableScriptedObjects (5ms)
			BackupInstance (0ms)
			ReleaseScriptingObjects (0ms)
			CreateAndSetChildDomain (27ms)
		EndReloadAssembly (674ms)
			LoadAssemblies (75ms)
			RebuildTransferFunctionScriptingTraits (0ms)
			SetupTypeCache (224ms)
			ReleaseScriptCaches (1ms)
			RebuildScriptCaches (34ms)
			SetupLoadedEditorAssemblies (240ms)
				LogAssemblyErrors (0ms)
				InitializePlatformSupportModulesInManaged (5ms)
				SetLoadedEditorAssemblies (0ms)
				RefreshPlugins (0ms)
				BeforeProcessingInitializeOnLoad (62ms)
				ProcessInitializeOnLoadAttributes (162ms)
				ProcessInitializeOnLoadMethodAttributes (5ms)
				AfterProcessingInitializeOnLoad (5ms)
				EditorAssembliesLoaded (0ms)
			ExecutionOrderSort2 (0ms)
			AwakeInstancesAfterBackupRestoration (9ms)
Platform modules already initialized, skipping
Refreshing native plugins compatible for Editor in 0.38 ms, found 3 plugins.
Preloading 0 native plugins for Editor in 0.00 ms.
Unloading 2085 Unused Serialized files (Serialized files now loaded: 0)
System memory in use before: 96.0 MB.
System memory in use after: 96.1 MB.

Unloading 14 unused Assets to reduce memory usage. Loaded Objects now: 2604.
Total: 2.844600 ms (FindLiveObjects: 0.176100 ms CreateObjectMapping: 0.065300 ms MarkObjects: 2.585300 ms  DeleteObjects: 0.016300 ms)

AssetImportParameters requested are different than current active one (requested -> active):
  custom:framework-win-MediaFoundation: 216162199b28c13a410421893ffa2e32 -> 
  custom:video-decoder-ogg-theora: a1e56fd34408186e4bbccfd4996cb3dc -> 
  custom:container-muxer-webm: aa71ff27fc2769a1b78a27578f13a17b -> 
  custom:container-demuxer-webm: 4f35f7cbe854078d1ac9338744f61a02 -> 
  custom:container-demuxer-ogg: 62fdf1f143b41e24485cea50d1cbac27 -> 
  custom:video-encoder-webm-vp8: eb34c28f22e8b96e1ab97ce403110664 -> 
  custom:video-decoder-webm-vp8: 9c59270c3fd7afecdb556c50c9e8de78 -> 
  custom:audio-decoder-ogg-vorbis: bf7c407c2cedff20999df2af8eb42d56 -> 
  custom:audio-encoder-webm-vorbis: bf7c407c2cedff20999df2af8eb42d56 -> 
AssetImportWorkerClient::OnTransportError - code=2 error=End of file
